-------------------------------------------------------------------------------
Test set: org.spring.springboot.RedisStringTests
-------------------------------------------------------------------------------
Tests run: 2, Failures: 0, Errors: 2, Skipped: 0, Time elapsed: 5.438 s <<< FAILURE! - in org.spring.springboot.RedisStringTests
testSaveUser(org.spring.springboot.RedisStringTests)  Time elapsed: 0.004 s  <<< ERROR!
java.lang.IllegalStateException: Failed to load ApplicationContext
Caused by: org.springframework.beans.factory.UnsatisfiedDependencyException: Error creating bean with name 'adminController': Unsatisfied dependency expressed through field 'adminService'; nested exception is org.springframework.beans.factory.UnsatisfiedDependencyException: Error creating bean with name 'adminServiceImpl': Unsatisfied dependency expressed through field 'adminMapper'; nested exception is org.springframework.beans.factory.UnsatisfiedDependencyException: Error creating bean with name 'adminMapper' defined in file [D:\code\DBproject\springboot-mybatis-redis\target\classes\org\spring\springboot\dao\AdminMapper.class]: Unsatisfied dependency expressed through bean property 'sqlSessionFactory'; nested exception is org.springframework.beans.factory.BeanCreationException: Error creating bean with name 'sqlSessionFactory' defined in class path resource [org/mybatis/spring/boot/autoconfigure/MybatisAutoConfiguration.class]: Bean instantiation via factory method failed; nested exception is org.springframework.beans.BeanInstantiationException: Failed to instantiate [org.apache.ibatis.session.SqlSessionFactory]: Factory method 'sqlSessionFactory' threw exception; nested exception is org.springframework.core.NestedIOException: Failed to parse mapping resource: 'file [D:\code\DBproject\springboot-mybatis-redis\target\classes\mapper\ItemMapper.xml]'; nested exception is org.apache.ibatis.builder.BuilderException: Error parsing Mapper XML. Cause: org.apache.ibatis.builder.BuilderException: Error resolving class. Cause: org.apache.ibatis.type.TypeException: Could not resolve type alias 'com.software.system.entity.ItemAndDEntity'.  Cause: java.lang.ClassNotFoundException: Cannot find class: com.software.system.entity.ItemAndDEntity
Caused by: org.springframework.beans.factory.UnsatisfiedDependencyException: Error creating bean with name 'adminServiceImpl': Unsatisfied dependency expressed through field 'adminMapper'; nested exception is org.springframework.beans.factory.UnsatisfiedDependencyException: Error creating bean with name 'adminMapper' defined in file [D:\code\DBproject\springboot-mybatis-redis\target\classes\org\spring\springboot\dao\AdminMapper.class]: Unsatisfied dependency expressed through bean property 'sqlSessionFactory'; nested exception is org.springframework.beans.factory.BeanCreationException: Error creating bean with name 'sqlSessionFactory' defined in class path resource [org/mybatis/spring/boot/autoconfigure/MybatisAutoConfiguration.class]: Bean instantiation via factory method failed; nested exception is org.springframework.beans.BeanInstantiationException: Failed to instantiate [org.apache.ibatis.session.SqlSessionFactory]: Factory method 'sqlSessionFactory' threw exception; nested exception is org.springframework.core.NestedIOException: Failed to parse mapping resource: 'file [D:\code\DBproject\springboot-mybatis-redis\target\classes\mapper\ItemMapper.xml]'; nested exception is org.apache.ibatis.builder.BuilderException: Error parsing Mapper XML. Cause: org.apache.ibatis.builder.BuilderException: Error resolving class. Cause: org.apache.ibatis.type.TypeException: Could not resolve type alias 'com.software.system.entity.ItemAndDEntity'.  Cause: java.lang.ClassNotFoundException: Cannot find class: com.software.system.entity.ItemAndDEntity
Caused by: org.springframework.beans.factory.UnsatisfiedDependencyException: Error creating bean with name 'adminMapper' defined in file [D:\code\DBproject\springboot-mybatis-redis\target\classes\org\spring\springboot\dao\AdminMapper.class]: Unsatisfied dependency expressed through bean property 'sqlSessionFactory'; nested exception is org.springframework.beans.factory.BeanCreationException: Error creating bean with name 'sqlSessionFactory' defined in class path resource [org/mybatis/spring/boot/autoconfigure/MybatisAutoConfiguration.class]: Bean instantiation via factory method failed; nested exception is org.springframework.beans.BeanInstantiationException: Failed to instantiate [org.apache.ibatis.session.SqlSessionFactory]: Factory method 'sqlSessionFactory' threw exception; nested exception is org.springframework.core.NestedIOException: Failed to parse mapping resource: 'file [D:\code\DBproject\springboot-mybatis-redis\target\classes\mapper\ItemMapper.xml]'; nested exception is org.apache.ibatis.builder.BuilderException: Error parsing Mapper XML. Cause: org.apache.ibatis.builder.BuilderException: Error resolving class. Cause: org.apache.ibatis.type.TypeException: Could not resolve type alias 'com.software.system.entity.ItemAndDEntity'.  Cause: java.lang.ClassNotFoundException: Cannot find class: com.software.system.entity.ItemAndDEntity
Caused by: org.springframework.beans.factory.BeanCreationException: Error creating bean with name 'sqlSessionFactory' defined in class path resource [org/mybatis/spring/boot/autoconfigure/MybatisAutoConfiguration.class]: Bean instantiation via factory method failed; nested exception is org.springframework.beans.BeanInstantiationException: Failed to instantiate [org.apache.ibatis.session.SqlSessionFactory]: Factory method 'sqlSessionFactory' threw exception; nested exception is org.springframework.core.NestedIOException: Failed to parse mapping resource: 'file [D:\code\DBproject\springboot-mybatis-redis\target\classes\mapper\ItemMapper.xml]'; nested exception is org.apache.ibatis.builder.BuilderException: Error parsing Mapper XML. Cause: org.apache.ibatis.builder.BuilderException: Error resolving class. Cause: org.apache.ibatis.type.TypeException: Could not resolve type alias 'com.software.system.entity.ItemAndDEntity'.  Cause: java.lang.ClassNotFoundException: Cannot find class: com.software.system.entity.ItemAndDEntity
Caused by: org.springframework.beans.BeanInstantiationException: Failed to instantiate [org.apache.ibatis.session.SqlSessionFactory]: Factory method 'sqlSessionFactory' threw exception; nested exception is org.springframework.core.NestedIOException: Failed to parse mapping resource: 'file [D:\code\DBproject\springboot-mybatis-redis\target\classes\mapper\ItemMapper.xml]'; nested exception is org.apache.ibatis.builder.BuilderException: Error parsing Mapper XML. Cause: org.apache.ibatis.builder.BuilderException: Error resolving class. Cause: org.apache.ibatis.type.TypeException: Could not resolve type alias 'com.software.system.entity.ItemAndDEntity'.  Cause: java.lang.ClassNotFoundException: Cannot find class: com.software.system.entity.ItemAndDEntity
Caused by: org.springframework.core.NestedIOException: Failed to parse mapping resource: 'file [D:\code\DBproject\springboot-mybatis-redis\target\classes\mapper\ItemMapper.xml]'; nested exception is org.apache.ibatis.builder.BuilderException: Error parsing Mapper XML. Cause: org.apache.ibatis.builder.BuilderException: Error resolving class. Cause: org.apache.ibatis.type.TypeException: Could not resolve type alias 'com.software.system.entity.ItemAndDEntity'.  Cause: java.lang.ClassNotFoundException: Cannot find class: com.software.system.entity.ItemAndDEntity
Caused by: org.apache.ibatis.builder.BuilderException: Error parsing Mapper XML. Cause: org.apache.ibatis.builder.BuilderException: Error resolving class. Cause: org.apache.ibatis.type.TypeException: Could not resolve type alias 'com.software.system.entity.ItemAndDEntity'.  Cause: java.lang.ClassNotFoundException: Cannot find class: com.software.system.entity.ItemAndDEntity
Caused by: org.apache.ibatis.builder.BuilderException: Error resolving class. Cause: org.apache.ibatis.type.TypeException: Could not resolve type alias 'com.software.system.entity.ItemAndDEntity'.  Cause: java.lang.ClassNotFoundException: Cannot find class: com.software.system.entity.ItemAndDEntity
Caused by: org.apache.ibatis.type.TypeException: Could not resolve type alias 'com.software.system.entity.ItemAndDEntity'.  Cause: java.lang.ClassNotFoundException: Cannot find class: com.software.system.entity.ItemAndDEntity
Caused by: java.lang.ClassNotFoundException: Cannot find class: com.software.system.entity.ItemAndDEntity

name(org.spring.springboot.RedisStringTests)  Time elapsed: 0.001 s  <<< ERROR!
java.lang.IllegalStateException: Failed to load ApplicationContext
Caused by: org.springframework.beans.factory.UnsatisfiedDependencyException: Error creating bean with name 'adminController': Unsatisfied dependency expressed through field 'adminService'; nested exception is org.springframework.beans.factory.UnsatisfiedDependencyException: Error creating bean with name 'adminServiceImpl': Unsatisfied dependency expressed through field 'adminMapper'; nested exception is org.springframework.beans.factory.UnsatisfiedDependencyException: Error creating bean with name 'adminMapper' defined in file [D:\code\DBproject\springboot-mybatis-redis\target\classes\org\spring\springboot\dao\AdminMapper.class]: Unsatisfied dependency expressed through bean property 'sqlSessionFactory'; nested exception is org.springframework.beans.factory.BeanCreationException: Error creating bean with name 'sqlSessionFactory' defined in class path resource [org/mybatis/spring/boot/autoconfigure/MybatisAutoConfiguration.class]: Bean instantiation via factory method failed; nested exception is org.springframework.beans.BeanInstantiationException: Failed to instantiate [org.apache.ibatis.session.SqlSessionFactory]: Factory method 'sqlSessionFactory' threw exception; nested exception is org.springframework.core.NestedIOException: Failed to parse mapping resource: 'file [D:\code\DBproject\springboot-mybatis-redis\target\classes\mapper\ItemMapper.xml]'; nested exception is org.apache.ibatis.builder.BuilderException: Error parsing Mapper XML. Cause: org.apache.ibatis.builder.BuilderException: Error resolving class. Cause: org.apache.ibatis.type.TypeException: Could not resolve type alias 'com.software.system.entity.ItemAndDEntity'.  Cause: java.lang.ClassNotFoundException: Cannot find class: com.software.system.entity.ItemAndDEntity
Caused by: org.springframework.beans.factory.UnsatisfiedDependencyException: Error creating bean with name 'adminServiceImpl': Unsatisfied dependency expressed through field 'adminMapper'; nested exception is org.springframework.beans.factory.UnsatisfiedDependencyException: Error creating bean with name 'adminMapper' defined in file [D:\code\DBproject\springboot-mybatis-redis\target\classes\org\spring\springboot\dao\AdminMapper.class]: Unsatisfied dependency expressed through bean property 'sqlSessionFactory'; nested exception is org.springframework.beans.factory.BeanCreationException: Error creating bean with name 'sqlSessionFactory' defined in class path resource [org/mybatis/spring/boot/autoconfigure/MybatisAutoConfiguration.class]: Bean instantiation via factory method failed; nested exception is org.springframework.beans.BeanInstantiationException: Failed to instantiate [org.apache.ibatis.session.SqlSessionFactory]: Factory method 'sqlSessionFactory' threw exception; nested exception is org.springframework.core.NestedIOException: Failed to parse mapping resource: 'file [D:\code\DBproject\springboot-mybatis-redis\target\classes\mapper\ItemMapper.xml]'; nested exception is org.apache.ibatis.builder.BuilderException: Error parsing Mapper XML. Cause: org.apache.ibatis.builder.BuilderException: Error resolving class. Cause: org.apache.ibatis.type.TypeException: Could not resolve type alias 'com.software.system.entity.ItemAndDEntity'.  Cause: java.lang.ClassNotFoundException: Cannot find class: com.software.system.entity.ItemAndDEntity
Caused by: org.springframework.beans.factory.UnsatisfiedDependencyException: Error creating bean with name 'adminMapper' defined in file [D:\code\DBproject\springboot-mybatis-redis\target\classes\org\spring\springboot\dao\AdminMapper.class]: Unsatisfied dependency expressed through bean property 'sqlSessionFactory'; nested exception is org.springframework.beans.factory.BeanCreationException: Error creating bean with name 'sqlSessionFactory' defined in class path resource [org/mybatis/spring/boot/autoconfigure/MybatisAutoConfiguration.class]: Bean instantiation via factory method failed; nested exception is org.springframework.beans.BeanInstantiationException: Failed to instantiate [org.apache.ibatis.session.SqlSessionFactory]: Factory method 'sqlSessionFactory' threw exception; nested exception is org.springframework.core.NestedIOException: Failed to parse mapping resource: 'file [D:\code\DBproject\springboot-mybatis-redis\target\classes\mapper\ItemMapper.xml]'; nested exception is org.apache.ibatis.builder.BuilderException: Error parsing Mapper XML. Cause: org.apache.ibatis.builder.BuilderException: Error resolving class. Cause: org.apache.ibatis.type.TypeException: Could not resolve type alias 'com.software.system.entity.ItemAndDEntity'.  Cause: java.lang.ClassNotFoundException: Cannot find class: com.software.system.entity.ItemAndDEntity
Caused by: org.springframework.beans.factory.BeanCreationException: Error creating bean with name 'sqlSessionFactory' defined in class path resource [org/mybatis/spring/boot/autoconfigure/MybatisAutoConfiguration.class]: Bean instantiation via factory method failed; nested exception is org.springframework.beans.BeanInstantiationException: Failed to instantiate [org.apache.ibatis.session.SqlSessionFactory]: Factory method 'sqlSessionFactory' threw exception; nested exception is org.springframework.core.NestedIOException: Failed to parse mapping resource: 'file [D:\code\DBproject\springboot-mybatis-redis\target\classes\mapper\ItemMapper.xml]'; nested exception is org.apache.ibatis.builder.BuilderException: Error parsing Mapper XML. Cause: org.apache.ibatis.builder.BuilderException: Error resolving class. Cause: org.apache.ibatis.type.TypeException: Could not resolve type alias 'com.software.system.entity.ItemAndDEntity'.  Cause: java.lang.ClassNotFoundException: Cannot find class: com.software.system.entity.ItemAndDEntity
Caused by: org.springframework.beans.BeanInstantiationException: Failed to instantiate [org.apache.ibatis.session.SqlSessionFactory]: Factory method 'sqlSessionFactory' threw exception; nested exception is org.springframework.core.NestedIOException: Failed to parse mapping resource: 'file [D:\code\DBproject\springboot-mybatis-redis\target\classes\mapper\ItemMapper.xml]'; nested exception is org.apache.ibatis.builder.BuilderException: Error parsing Mapper XML. Cause: org.apache.ibatis.builder.BuilderException: Error resolving class. Cause: org.apache.ibatis.type.TypeException: Could not resolve type alias 'com.software.system.entity.ItemAndDEntity'.  Cause: java.lang.ClassNotFoundException: Cannot find class: com.software.system.entity.ItemAndDEntity
Caused by: org.springframework.core.NestedIOException: Failed to parse mapping resource: 'file [D:\code\DBproject\springboot-mybatis-redis\target\classes\mapper\ItemMapper.xml]'; nested exception is org.apache.ibatis.builder.BuilderException: Error parsing Mapper XML. Cause: org.apache.ibatis.builder.BuilderException: Error resolving class. Cause: org.apache.ibatis.type.TypeException: Could not resolve type alias 'com.software.system.entity.ItemAndDEntity'.  Cause: java.lang.ClassNotFoundException: Cannot find class: com.software.system.entity.ItemAndDEntity
Caused by: org.apache.ibatis.builder.BuilderException: Error parsing Mapper XML. Cause: org.apache.ibatis.builder.BuilderException: Error resolving class. Cause: org.apache.ibatis.type.TypeException: Could not resolve type alias 'com.software.system.entity.ItemAndDEntity'.  Cause: java.lang.ClassNotFoundException: Cannot find class: com.software.system.entity.ItemAndDEntity
Caused by: org.apache.ibatis.builder.BuilderException: Error resolving class. Cause: org.apache.ibatis.type.TypeException: Could not resolve type alias 'com.software.system.entity.ItemAndDEntity'.  Cause: java.lang.ClassNotFoundException: Cannot find class: com.software.system.entity.ItemAndDEntity
Caused by: org.apache.ibatis.type.TypeException: Could not resolve type alias 'com.software.system.entity.ItemAndDEntity'.  Cause: java.lang.ClassNotFoundException: Cannot find class: com.software.system.entity.ItemAndDEntity
Caused by: java.lang.ClassNotFoundException: Cannot find class: com.software.system.entity.ItemAndDEntity

